{"C:\\Users\\offic\\Documents\\product-api\\src\\app.js": {"path":"C:\\Users\\offic\\Documents\\product-api\\src\\app.js","statementMap":{"0":{"start":{"line":29,"column":0},"end":{"line":29,"column":27}},"1":{"start":{"line":30,"column":16},"end":{"line":30,"column":34}},"2":{"start":{"line":31,"column":22},"end":{"line":31,"column":55}},"3":{"start":{"line":32,"column":15},"end":{"line":32,"column":56}},"4":{"start":{"line":34,"column":12},"end":{"line":34,"column":21}},"5":{"start":{"line":35,"column":0},"end":{"line":35,"column":24}},"6":{"start":{"line":38,"column":0},"end":{"line":38,"column":36}},"7":{"start":{"line":41,"column":0},"end":{"line":43,"column":3}},"8":{"start":{"line":42,"column":2},"end":{"line":42,"column":45}},"9":{"start":{"line":46,"column":0},"end":{"line":46,"column":21}}},"fnMap":{"0":{"name":"(anonymous_0)","decl":{"start":{"line":41,"column":13},"end":{"line":41,"column":14}},"loc":{"start":{"line":41,"column":27},"end":{"line":43,"column":1}},"line":41}},"branchMap":{},"s":{"0":1,"1":1,"2":1,"3":1,"4":1,"5":1,"6":1,"7":1,"8":0,"9":1},"f":{"0":0},"b":{},"_coverageSchema":"1a1c01bbd47fc00a2c39e90264f33305004495a9","hash":"e1550486678f1e4bfec11a49d349d4c8eefb3528"}
,"C:\\Users\\offic\\Documents\\product-api\\src\\config\\db.js": {"path":"C:\\Users\\offic\\Documents\\product-api\\src\\config\\db.js","statementMap":{"0":{"start":{"line":2,"column":14},"end":{"line":2,"column":39}},"1":{"start":{"line":3,"column":15},"end":{"line":3,"column":32}},"2":{"start":{"line":5,"column":0},"end":{"line":5,"column":16}},"3":{"start":{"line":14,"column":4},"end":{"line":14,"column":15}},"4":{"start":{"line":16,"column":0},"end":{"line":19,"column":1}},"5":{"start":{"line":17,"column":2},"end":{"line":17,"column":52}},"6":{"start":{"line":18,"column":2},"end":{"line":18,"column":18}},"7":{"start":{"line":21,"column":13},"end":{"line":30,"column":2}},"8":{"start":{"line":32,"column":0},"end":{"line":32,"column":22}}},"fnMap":{},"branchMap":{"0":{"loc":{"start":{"line":16,"column":0},"end":{"line":19,"column":1}},"type":"if","locations":[{"start":{"line":16,"column":0},"end":{"line":19,"column":1}},{"start":{},"end":{}}],"line":16},"1":{"loc":{"start":{"line":16,"column":4},"end":{"line":16,"column":36}},"type":"binary-expr","locations":[{"start":{"line":16,"column":4},"end":{"line":16,"column":12}},{"start":{"line":16,"column":16},"end":{"line":16,"column":24}},{"start":{"line":16,"column":28},"end":{"line":16,"column":36}}],"line":16},"2":{"loc":{"start":{"line":26,"column":8},"end":{"line":26,"column":40}},"type":"cond-expr","locations":[{"start":{"line":26,"column":18},"end":{"line":26,"column":33}},{"start":{"line":26,"column":36},"end":{"line":26,"column":40}}],"line":26}},"s":{"0":1,"1":1,"2":1,"3":1,"4":1,"5":0,"6":0,"7":1,"8":1},"f":{},"b":{"0":[0,1],"1":[1,1,1],"2":[1,0]},"_coverageSchema":"1a1c01bbd47fc00a2c39e90264f33305004495a9","hash":"e9989b40549b4a93822732ce8e0ee539bfef1de2"}
,"C:\\Users\\offic\\Documents\\product-api\\src\\controllers\\productController.js": {"path":"C:\\Users\\offic\\Documents\\product-api\\src\\controllers\\productController.js","statementMap":{"0":{"start":{"line":32,"column":11},"end":{"line":32,"column":34}},"1":{"start":{"line":35,"column":23},"end":{"line":52,"column":1}},"2":{"start":{"line":36,"column":2},"end":{"line":51,"column":3}},"3":{"start":{"line":37,"column":65},"end":{"line":37,"column":74}},"4":{"start":{"line":38,"column":4},"end":{"line":38,"column":24}},"5":{"start":{"line":39,"column":4},"end":{"line":39,"column":26}},"6":{"start":{"line":40,"column":19},"end":{"line":40,"column":37}},"7":{"start":{"line":42,"column":22},"end":{"line":45,"column":5}},"8":{"start":{"line":47,"column":4},"end":{"line":47,"column":39}},"9":{"start":{"line":49,"column":4},"end":{"line":49,"column":23}},"10":{"start":{"line":50,"column":4},"end":{"line":50,"column":54}},"11":{"start":{"line":55,"column":22},"end":{"line":72,"column":1}},"12":{"start":{"line":56,"column":2},"end":{"line":71,"column":3}},"13":{"start":{"line":57,"column":55},"end":{"line":57,"column":63}},"14":{"start":{"line":58,"column":4},"end":{"line":60,"column":5}},"15":{"start":{"line":59,"column":6},"end":{"line":59,"column":70}},"16":{"start":{"line":62,"column":21},"end":{"line":65,"column":5}},"17":{"start":{"line":67,"column":4},"end":{"line":67,"column":78}},"18":{"start":{"line":69,"column":4},"end":{"line":69,"column":23}},"19":{"start":{"line":70,"column":4},"end":{"line":70,"column":54}},"20":{"start":{"line":75,"column":23},"end":{"line":85,"column":1}},"21":{"start":{"line":76,"column":2},"end":{"line":84,"column":3}},"22":{"start":{"line":77,"column":19},"end":{"line":77,"column":29}},"23":{"start":{"line":78,"column":22},"end":{"line":78,"column":81}},"24":{"start":{"line":79,"column":4},"end":{"line":79,"column":85}},"25":{"start":{"line":79,"column":25},"end":{"line":79,"column":85}},"26":{"start":{"line":80,"column":4},"end":{"line":80,"column":25}},"27":{"start":{"line":82,"column":4},"end":{"line":82,"column":23}},"28":{"start":{"line":83,"column":4},"end":{"line":83,"column":54}},"29":{"start":{"line":88,"column":22},"end":{"line":107,"column":1}},"30":{"start":{"line":89,"column":2},"end":{"line":106,"column":3}},"31":{"start":{"line":90,"column":19},"end":{"line":90,"column":29}},"32":{"start":{"line":91,"column":55},"end":{"line":91,"column":63}},"33":{"start":{"line":93,"column":21},"end":{"line":96,"column":5}},"34":{"start":{"line":98,"column":4},"end":{"line":100,"column":5}},"35":{"start":{"line":99,"column":6},"end":{"line":99,"column":66}},"36":{"start":{"line":102,"column":4},"end":{"line":102,"column":58}},"37":{"start":{"line":104,"column":4},"end":{"line":104,"column":23}},"38":{"start":{"line":105,"column":4},"end":{"line":105,"column":54}},"39":{"start":{"line":110,"column":22},"end":{"line":124,"column":1}},"40":{"start":{"line":111,"column":2},"end":{"line":123,"column":3}},"41":{"start":{"line":112,"column":19},"end":{"line":112,"column":29}},"42":{"start":{"line":113,"column":21},"end":{"line":113,"column":76}},"43":{"start":{"line":115,"column":4},"end":{"line":117,"column":5}},"44":{"start":{"line":116,"column":6},"end":{"line":116,"column":66}},"45":{"start":{"line":119,"column":4},"end":{"line":119,"column":58}},"46":{"start":{"line":121,"column":4},"end":{"line":121,"column":23}},"47":{"start":{"line":122,"column":4},"end":{"line":122,"column":54}},"48":{"start":{"line":128,"column":23},"end":{"line":167,"column":1}},"49":{"start":{"line":129,"column":2},"end":{"line":166,"column":3}},"50":{"start":{"line":130,"column":49},"end":{"line":130,"column":58}},"51":{"start":{"line":131,"column":14},"end":{"line":131,"column":48}},"52":{"start":{"line":132,"column":19},"end":{"line":132,"column":21}},"53":{"start":{"line":134,"column":4},"end":{"line":137,"column":5}},"54":{"start":{"line":135,"column":6},"end":{"line":135,"column":33}},"55":{"start":{"line":136,"column":6},"end":{"line":136,"column":32}},"56":{"start":{"line":139,"column":4},"end":{"line":142,"column":5}},"57":{"start":{"line":140,"column":6},"end":{"line":140,"column":33}},"58":{"start":{"line":141,"column":6},"end":{"line":141,"column":32}},"59":{"start":{"line":144,"column":4},"end":{"line":147,"column":5}},"60":{"start":{"line":145,"column":6},"end":{"line":145,"column":31}},"61":{"start":{"line":146,"column":6},"end":{"line":146,"column":36}},"62":{"start":{"line":149,"column":4},"end":{"line":152,"column":5}},"63":{"start":{"line":150,"column":6},"end":{"line":150,"column":31}},"64":{"start":{"line":151,"column":6},"end":{"line":151,"column":36}},"65":{"start":{"line":154,"column":22},"end":{"line":154,"column":49}},"66":{"start":{"line":157,"column":29},"end":{"line":160,"column":7}},"67":{"start":{"line":157,"column":47},"end":{"line":160,"column":5}},"68":{"start":{"line":162,"column":4},"end":{"line":162,"column":63}},"69":{"start":{"line":164,"column":4},"end":{"line":164,"column":25}},"70":{"start":{"line":165,"column":4},"end":{"line":165,"column":70}},"71":{"start":{"line":170,"column":0},"end":{"line":177,"column":2}}},"fnMap":{"0":{"name":"(anonymous_0)","decl":{"start":{"line":35,"column":23},"end":{"line":35,"column":24}},"loc":{"start":{"line":35,"column":43},"end":{"line":52,"column":1}},"line":35},"1":{"name":"(anonymous_1)","decl":{"start":{"line":55,"column":22},"end":{"line":55,"column":23}},"loc":{"start":{"line":55,"column":42},"end":{"line":72,"column":1}},"line":55},"2":{"name":"(anonymous_2)","decl":{"start":{"line":75,"column":23},"end":{"line":75,"column":24}},"loc":{"start":{"line":75,"column":43},"end":{"line":85,"column":1}},"line":75},"3":{"name":"(anonymous_3)","decl":{"start":{"line":88,"column":22},"end":{"line":88,"column":23}},"loc":{"start":{"line":88,"column":42},"end":{"line":107,"column":1}},"line":88},"4":{"name":"(anonymous_4)","decl":{"start":{"line":110,"column":22},"end":{"line":110,"column":23}},"loc":{"start":{"line":110,"column":42},"end":{"line":124,"column":1}},"line":110},"5":{"name":"(anonymous_5)","decl":{"start":{"line":128,"column":23},"end":{"line":128,"column":24}},"loc":{"start":{"line":128,"column":43},"end":{"line":167,"column":1}},"line":128},"6":{"name":"(anonymous_6)","decl":{"start":{"line":157,"column":41},"end":{"line":157,"column":42}},"loc":{"start":{"line":157,"column":47},"end":{"line":160,"column":5}},"line":157}},"branchMap":{"0":{"loc":{"start":{"line":37,"column":10},"end":{"line":37,"column":18}},"type":"default-arg","locations":[{"start":{"line":37,"column":17},"end":{"line":37,"column":18}}],"line":37},"1":{"loc":{"start":{"line":37,"column":20},"end":{"line":37,"column":30}},"type":"default-arg","locations":[{"start":{"line":37,"column":28},"end":{"line":37,"column":30}}],"line":37},"2":{"loc":{"start":{"line":37,"column":32},"end":{"line":37,"column":45}},"type":"default-arg","locations":[{"start":{"line":37,"column":41},"end":{"line":37,"column":45}}],"line":37},"3":{"loc":{"start":{"line":37,"column":47},"end":{"line":37,"column":60}},"type":"default-arg","locations":[{"start":{"line":37,"column":55},"end":{"line":37,"column":60}}],"line":37},"4":{"loc":{"start":{"line":58,"column":4},"end":{"line":60,"column":5}},"type":"if","locations":[{"start":{"line":58,"column":4},"end":{"line":60,"column":5}},{"start":{},"end":{}}],"line":58},"5":{"loc":{"start":{"line":58,"column":8},"end":{"line":58,"column":23}},"type":"binary-expr","locations":[{"start":{"line":58,"column":8},"end":{"line":58,"column":13}},{"start":{"line":58,"column":17},"end":{"line":58,"column":23}}],"line":58},"6":{"loc":{"start":{"line":64,"column":20},"end":{"line":64,"column":39}},"type":"binary-expr","locations":[{"start":{"line":64,"column":20},"end":{"line":64,"column":31}},{"start":{"line":64,"column":35},"end":{"line":64,"column":39}}],"line":64},"7":{"loc":{"start":{"line":64,"column":41},"end":{"line":64,"column":54}},"type":"binary-expr","locations":[{"start":{"line":64,"column":41},"end":{"line":64,"column":46}},{"start":{"line":64,"column":50},"end":{"line":64,"column":54}}],"line":64},"8":{"loc":{"start":{"line":64,"column":56},"end":{"line":64,"column":69}},"type":"binary-expr","locations":[{"start":{"line":64,"column":56},"end":{"line":64,"column":61}},{"start":{"line":64,"column":65},"end":{"line":64,"column":69}}],"line":64},"9":{"loc":{"start":{"line":79,"column":4},"end":{"line":79,"column":85}},"type":"if","locations":[{"start":{"line":79,"column":4},"end":{"line":79,"column":85}},{"start":{},"end":{}}],"line":79},"10":{"loc":{"start":{"line":98,"column":4},"end":{"line":100,"column":5}},"type":"if","locations":[{"start":{"line":98,"column":4},"end":{"line":100,"column":5}},{"start":{},"end":{}}],"line":98},"11":{"loc":{"start":{"line":115,"column":4},"end":{"line":117,"column":5}},"type":"if","locations":[{"start":{"line":115,"column":4},"end":{"line":117,"column":5}},{"start":{},"end":{}}],"line":115},"12":{"loc":{"start":{"line":134,"column":4},"end":{"line":137,"column":5}},"type":"if","locations":[{"start":{"line":134,"column":4},"end":{"line":137,"column":5}},{"start":{},"end":{}}],"line":134},"13":{"loc":{"start":{"line":139,"column":4},"end":{"line":142,"column":5}},"type":"if","locations":[{"start":{"line":139,"column":4},"end":{"line":142,"column":5}},{"start":{},"end":{}}],"line":139},"14":{"loc":{"start":{"line":144,"column":4},"end":{"line":147,"column":5}},"type":"if","locations":[{"start":{"line":144,"column":4},"end":{"line":147,"column":5}},{"start":{},"end":{}}],"line":144},"15":{"loc":{"start":{"line":149,"column":4},"end":{"line":152,"column":5}},"type":"if","locations":[{"start":{"line":149,"column":4},"end":{"line":152,"column":5}},{"start":{},"end":{}}],"line":149},"16":{"loc":{"start":{"line":159,"column":13},"end":{"line":159,"column":42}},"type":"cond-expr","locations":[{"start":{"line":159,"column":23},"end":{"line":159,"column":38}},{"start":{"line":159,"column":41},"end":{"line":159,"column":42}}],"line":159}},"s":{"0":1,"1":1,"2":0,"3":0,"4":0,"5":0,"6":0,"7":0,"8":0,"9":0,"10":0,"11":1,"12":0,"13":0,"14":0,"15":0,"16":0,"17":0,"18":0,"19":0,"20":1,"21":0,"22":0,"23":0,"24":0,"25":0,"26":0,"27":0,"28":0,"29":1,"30":0,"31":0,"32":0,"33":0,"34":0,"35":0,"36":0,"37":0,"38":0,"39":1,"40":0,"41":0,"42":0,"43":0,"44":0,"45":0,"46":0,"47":0,"48":1,"49":2,"50":2,"51":2,"52":2,"53":2,"54":1,"55":1,"56":2,"57":0,"58":0,"59":2,"60":1,"61":1,"62":2,"63":1,"64":1,"65":2,"66":2,"67":10,"68":2,"69":0,"70":0,"71":1},"f":{"0":0,"1":0,"2":0,"3":0,"4":0,"5":2,"6":10},"b":{"0":[0],"1":[0],"2":[0],"3":[0],"4":[0,0],"5":[0,0],"6":[0,0],"7":[0,0],"8":[0,0],"9":[0,0],"10":[0,0],"11":[0,0],"12":[1,1],"13":[0,2],"14":[1,1],"15":[1,1],"16":[10,0]},"_coverageSchema":"1a1c01bbd47fc00a2c39e90264f33305004495a9","hash":"7a8628d641715bf8a3822f0af89e8752cdb096c8"}
,"C:\\Users\\offic\\Documents\\product-api\\src\\controllers\\uploadController.js": {"path":"C:\\Users\\offic\\Documents\\product-api\\src\\controllers\\uploadController.js","statementMap":{"0":{"start":{"line":2,"column":11},"end":{"line":2,"column":34}},"1":{"start":{"line":3,"column":18},"end":{"line":3,"column":39}},"2":{"start":{"line":4,"column":24},"end":{"line":4,"column":53}},"3":{"start":{"line":5,"column":34},"end":{"line":5,"column":67}},"4":{"start":{"line":8,"column":2},"end":{"line":55,"column":3}},"5":{"start":{"line":9,"column":4},"end":{"line":11,"column":5}},"6":{"start":{"line":10,"column":6},"end":{"line":10,"column":106}},"7":{"start":{"line":13,"column":19},"end":{"line":13,"column":31}},"8":{"start":{"line":14,"column":19},"end":{"line":14,"column":21}},"9":{"start":{"line":15,"column":19},"end":{"line":15,"column":36}},"10":{"start":{"line":16,"column":21},"end":{"line":16,"column":42}},"11":{"start":{"line":17,"column":4},"end":{"line":17,"column":35}},"12":{"start":{"line":18,"column":4},"end":{"line":18,"column":24}},"13":{"start":{"line":20,"column":17},"end":{"line":20,"column":18}},"14":{"start":{"line":22,"column":4},"end":{"line":50,"column":9}},"15":{"start":{"line":23,"column":52},"end":{"line":23,"column":79}},"16":{"start":{"line":25,"column":8},"end":{"line":25,"column":25}},"17":{"start":{"line":26,"column":8},"end":{"line":26,"column":20}},"18":{"start":{"line":27,"column":8},"end":{"line":43,"column":9}},"19":{"start":{"line":28,"column":45},"end":{"line":28,"column":70}},"20":{"start":{"line":29,"column":10},"end":{"line":38,"column":11}},"21":{"start":{"line":30,"column":12},"end":{"line":30,"column":49}},"22":{"start":{"line":32,"column":12},"end":{"line":37,"column":13}},"23":{"start":{"line":33,"column":14},"end":{"line":33,"column":51}},"24":{"start":{"line":34,"column":14},"end":{"line":34,"column":32}},"25":{"start":{"line":36,"column":14},"end":{"line":36,"column":87}},"26":{"start":{"line":40,"column":10},"end":{"line":40,"column":62}},"27":{"start":{"line":42,"column":10},"end":{"line":42,"column":28}},"28":{"start":{"line":46,"column":8},"end":{"line":46,"column":58}},"29":{"start":{"line":49,"column":8},"end":{"line":49,"column":88}},"30":{"start":{"line":53,"column":4},"end":{"line":53,"column":42}},"31":{"start":{"line":54,"column":4},"end":{"line":54,"column":56}},"32":{"start":{"line":58,"column":0},"end":{"line":58,"column":31}}},"fnMap":{"0":{"name":"uploadCSV","decl":{"start":{"line":7,"column":15},"end":{"line":7,"column":24}},"loc":{"start":{"line":7,"column":35},"end":{"line":56,"column":1}},"line":7},"1":{"name":"(anonymous_1)","decl":{"start":{"line":23,"column":36},"end":{"line":23,"column":37}},"loc":{"start":{"line":23,"column":52},"end":{"line":23,"column":79}},"line":23},"2":{"name":"(anonymous_2)","decl":{"start":{"line":24,"column":18},"end":{"line":24,"column":19}},"loc":{"start":{"line":24,"column":34},"end":{"line":44,"column":7}},"line":24},"3":{"name":"(anonymous_3)","decl":{"start":{"line":45,"column":17},"end":{"line":45,"column":18}},"loc":{"start":{"line":45,"column":23},"end":{"line":47,"column":7}},"line":45},"4":{"name":"(anonymous_4)","decl":{"start":{"line":48,"column":19},"end":{"line":48,"column":20}},"loc":{"start":{"line":48,"column":28},"end":{"line":50,"column":7}},"line":48}},"branchMap":{"0":{"loc":{"start":{"line":9,"column":4},"end":{"line":11,"column":5}},"type":"if","locations":[{"start":{"line":9,"column":4},"end":{"line":11,"column":5}},{"start":{},"end":{}}],"line":9},"1":{"loc":{"start":{"line":9,"column":8},"end":{"line":9,"column":37}},"type":"binary-expr","locations":[{"start":{"line":9,"column":8},"end":{"line":9,"column":17}},{"start":{"line":9,"column":21},"end":{"line":9,"column":37}}],"line":9},"2":{"loc":{"start":{"line":29,"column":10},"end":{"line":38,"column":11}},"type":"if","locations":[{"start":{"line":29,"column":10},"end":{"line":38,"column":11}},{"start":{"line":31,"column":17},"end":{"line":38,"column":11}}],"line":29}},"s":{"0":1,"1":1,"2":1,"3":1,"4":0,"5":0,"6":0,"7":0,"8":0,"9":0,"10":0,"11":0,"12":0,"13":0,"14":0,"15":0,"16":0,"17":0,"18":0,"19":0,"20":0,"21":0,"22":0,"23":0,"24":0,"25":0,"26":0,"27":0,"28":0,"29":0,"30":0,"31":0,"32":1},"f":{"0":0,"1":0,"2":0,"3":0,"4":0},"b":{"0":[0,0],"1":[0,0],"2":[0,0]},"_coverageSchema":"1a1c01bbd47fc00a2c39e90264f33305004495a9","hash":"df073971787e099324a74fddcf2b9302c81ac11f"}
,"C:\\Users\\offic\\Documents\\product-api\\src\\middlewares\\uploadMiddleware.js": {"path":"C:\\Users\\offic\\Documents\\product-api\\src\\middlewares\\uploadMiddleware.js","statementMap":{"0":{"start":{"line":2,"column":15},"end":{"line":2,"column":32}},"1":{"start":{"line":4,"column":16},"end":{"line":4,"column":38}},"2":{"start":{"line":5,"column":15},"end":{"line":13,"column":2}},"3":{"start":{"line":9,"column":18},"end":{"line":9,"column":83}},"4":{"start":{"line":10,"column":4},"end":{"line":11,"column":77}},"5":{"start":{"line":10,"column":15},"end":{"line":10,"column":30}},"6":{"start":{"line":11,"column":9},"end":{"line":11,"column":77}},"7":{"start":{"line":15,"column":0},"end":{"line":15,"column":24}}},"fnMap":{"0":{"name":"(anonymous_0)","decl":{"start":{"line":8,"column":14},"end":{"line":8,"column":15}},"loc":{"start":{"line":8,"column":33},"end":{"line":12,"column":3}},"line":8}},"branchMap":{"0":{"loc":{"start":{"line":9,"column":18},"end":{"line":9,"column":83}},"type":"binary-expr","locations":[{"start":{"line":9,"column":18},"end":{"line":9,"column":46}},{"start":{"line":9,"column":50},"end":{"line":9,"column":83}}],"line":9},"1":{"loc":{"start":{"line":10,"column":4},"end":{"line":11,"column":77}},"type":"if","locations":[{"start":{"line":10,"column":4},"end":{"line":11,"column":77}},{"start":{"line":11,"column":9},"end":{"line":11,"column":77}}],"line":10}},"s":{"0":1,"1":1,"2":1,"3":0,"4":0,"5":0,"6":0,"7":1},"f":{"0":0},"b":{"0":[0,0],"1":[0,0]},"_coverageSchema":"1a1c01bbd47fc00a2c39e90264f33305004495a9","hash":"8eee812518eadbb4f69d40459bfcbd300bc72f7d"}
,"C:\\Users\\offic\\Documents\\product-api\\src\\models\\projectModel.js": {"path":"C:\\Users\\offic\\Documents\\product-api\\src\\models\\projectModel.js","statementMap":{"0":{"start":{"line":2,"column":13},"end":{"line":2,"column":36}},"1":{"start":{"line":5,"column":14},"end":{"line":16,"column":3}},"2":{"start":{"line":17,"column":17},"end":{"line":20,"column":3}},"3":{"start":{"line":21,"column":19},"end":{"line":21,"column":50}},"4":{"start":{"line":22,"column":2},"end":{"line":22,"column":16}},"5":{"start":{"line":25,"column":0},"end":{"line":25,"column":43}}},"fnMap":{"0":{"name":"insertOrUpdateProduct","decl":{"start":{"line":4,"column":15},"end":{"line":4,"column":36}},"loc":{"start":{"line":4,"column":40},"end":{"line":23,"column":1}},"line":4}},"branchMap":{"0":{"loc":{"start":{"line":18,"column":28},"end":{"line":18,"column":43}},"type":"binary-expr","locations":[{"start":{"line":18,"column":28},"end":{"line":18,"column":35}},{"start":{"line":18,"column":39},"end":{"line":18,"column":43}}],"line":18},"1":{"loc":{"start":{"line":18,"column":45},"end":{"line":18,"column":59}},"type":"binary-expr","locations":[{"start":{"line":18,"column":45},"end":{"line":18,"column":51}},{"start":{"line":18,"column":55},"end":{"line":18,"column":59}}],"line":18},"2":{"loc":{"start":{"line":19,"column":20},"end":{"line":19,"column":35}},"type":"binary-expr","locations":[{"start":{"line":19,"column":20},"end":{"line":19,"column":30}},{"start":{"line":19,"column":34},"end":{"line":19,"column":35}}],"line":19}},"s":{"0":1,"1":0,"2":0,"3":0,"4":0,"5":1},"f":{"0":0},"b":{"0":[0,0],"1":[0,0],"2":[0,0]},"_coverageSchema":"1a1c01bbd47fc00a2c39e90264f33305004495a9","hash":"4610b6f060dc2cccfda64c9bc2f154975f9ea704"}
,"C:\\Users\\offic\\Documents\\product-api\\src\\routes\\productRoutes.js": {"path":"C:\\Users\\offic\\Documents\\product-api\\src\\routes\\productRoutes.js","statementMap":{"0":{"start":{"line":32,"column":16},"end":{"line":32,"column":34}},"1":{"start":{"line":33,"column":15},"end":{"line":33,"column":31}},"2":{"start":{"line":34,"column":26},"end":{"line":34,"column":69}},"3":{"start":{"line":35,"column":15},"end":{"line":35,"column":57}},"4":{"start":{"line":44,"column":0},"end":{"line":44,"column":50}},"5":{"start":{"line":45,"column":0},"end":{"line":45,"column":56}},"6":{"start":{"line":46,"column":0},"end":{"line":46,"column":53}},"7":{"start":{"line":47,"column":0},"end":{"line":47,"column":50}},"8":{"start":{"line":48,"column":0},"end":{"line":48,"column":52}},"9":{"start":{"line":49,"column":0},"end":{"line":49,"column":55}},"10":{"start":{"line":53,"column":0},"end":{"line":53,"column":100}},"11":{"start":{"line":55,"column":0},"end":{"line":55,"column":24}}},"fnMap":{},"branchMap":{},"s":{"0":1,"1":1,"2":1,"3":1,"4":1,"5":1,"6":1,"7":1,"8":1,"9":1,"10":1,"11":1},"f":{},"b":{},"_coverageSchema":"1a1c01bbd47fc00a2c39e90264f33305004495a9","hash":"9c769f3a4e889fb058ac5b9a9b05aff42a672185"}
,"C:\\Users\\offic\\Documents\\product-api\\src\\utils\\validator.js": {"path":"C:\\Users\\offic\\Documents\\product-api\\src\\utils\\validator.js","statementMap":{"0":{"start":{"line":2,"column":23},"end":{"line":2,"column":59}},"1":{"start":{"line":5,"column":14},"end":{"line":5,"column":16}},"2":{"start":{"line":6,"column":2},"end":{"line":9,"column":5}},"3":{"start":{"line":7,"column":16},"end":{"line":7,"column":46}},"4":{"start":{"line":8,"column":4},"end":{"line":8,"column":93}},"5":{"start":{"line":10,"column":2},"end":{"line":10,"column":13}},"6":{"start":{"line":14,"column":14},"end":{"line":14,"column":34}},"7":{"start":{"line":15,"column":17},"end":{"line":15,"column":19}},"8":{"start":{"line":17,"column":2},"end":{"line":19,"column":3}},"9":{"start":{"line":18,"column":4},"end":{"line":18,"column":84}},"10":{"start":{"line":18,"column":40},"end":{"line":18,"column":84}},"11":{"start":{"line":21,"column":14},"end":{"line":21,"column":56}},"12":{"start":{"line":22,"column":16},"end":{"line":22,"column":62}},"13":{"start":{"line":23,"column":19},"end":{"line":23,"column":71}},"14":{"start":{"line":25,"column":2},"end":{"line":25,"column":60}},"15":{"start":{"line":25,"column":18},"end":{"line":25,"column":60}},"16":{"start":{"line":26,"column":2},"end":{"line":26,"column":64}},"17":{"start":{"line":26,"column":20},"end":{"line":26,"column":64}},"18":{"start":{"line":27,"column":2},"end":{"line":27,"column":87}},"19":{"start":{"line":27,"column":51},"end":{"line":27,"column":87}},"20":{"start":{"line":28,"column":2},"end":{"line":28,"column":119}},"21":{"start":{"line":28,"column":64},"end":{"line":28,"column":119}},"22":{"start":{"line":30,"column":18},"end":{"line":39,"column":3}},"23":{"start":{"line":41,"column":2},"end":{"line":41,"column":57}},"24":{"start":{"line":44,"column":0},"end":{"line":44,"column":33}}},"fnMap":{"0":{"name":"normalizeRow","decl":{"start":{"line":4,"column":9},"end":{"line":4,"column":21}},"loc":{"start":{"line":4,"column":30},"end":{"line":11,"column":1}},"line":4},"1":{"name":"(anonymous_1)","decl":{"start":{"line":6,"column":36},"end":{"line":6,"column":37}},"loc":{"start":{"line":6,"column":41},"end":{"line":9,"column":3}},"line":6},"2":{"name":"validateRow","decl":{"start":{"line":13,"column":9},"end":{"line":13,"column":20}},"loc":{"start":{"line":13,"column":44},"end":{"line":42,"column":1}},"line":13}},"branchMap":{"0":{"loc":{"start":{"line":6,"column":14},"end":{"line":6,"column":26}},"type":"binary-expr","locations":[{"start":{"line":6,"column":14},"end":{"line":6,"column":20}},{"start":{"line":6,"column":24},"end":{"line":6,"column":26}}],"line":6},"1":{"loc":{"start":{"line":7,"column":16},"end":{"line":7,"column":46}},"type":"cond-expr","locations":[{"start":{"line":7,"column":20},"end":{"line":7,"column":42}},{"start":{"line":7,"column":45},"end":{"line":7,"column":46}}],"line":7},"2":{"loc":{"start":{"line":8,"column":15},"end":{"line":8,"column":92}},"type":"cond-expr","locations":[{"start":{"line":8,"column":63},"end":{"line":8,"column":87}},{"start":{"line":8,"column":90},"end":{"line":8,"column":92}}],"line":8},"3":{"loc":{"start":{"line":8,"column":15},"end":{"line":8,"column":60}},"type":"binary-expr","locations":[{"start":{"line":8,"column":15},"end":{"line":8,"column":38}},{"start":{"line":8,"column":42},"end":{"line":8,"column":60}}],"line":8},"4":{"loc":{"start":{"line":13,"column":29},"end":{"line":13,"column":42}},"type":"default-arg","locations":[{"start":{"line":13,"column":38},"end":{"line":13,"column":42}}],"line":13},"5":{"loc":{"start":{"line":18,"column":4},"end":{"line":18,"column":84}},"type":"if","locations":[{"start":{"line":18,"column":4},"end":{"line":18,"column":84}},{"start":{},"end":{}}],"line":18},"6":{"loc":{"start":{"line":18,"column":8},"end":{"line":18,"column":38}},"type":"binary-expr","locations":[{"start":{"line":18,"column":8},"end":{"line":18,"column":15}},{"start":{"line":18,"column":19},"end":{"line":18,"column":38}}],"line":18},"7":{"loc":{"start":{"line":21,"column":14},"end":{"line":21,"column":56}},"type":"cond-expr","locations":[{"start":{"line":21,"column":31},"end":{"line":21,"column":50}},{"start":{"line":21,"column":53},"end":{"line":21,"column":56}}],"line":21},"8":{"loc":{"start":{"line":22,"column":16},"end":{"line":22,"column":62}},"type":"cond-expr","locations":[{"start":{"line":22,"column":35},"end":{"line":22,"column":56}},{"start":{"line":22,"column":59},"end":{"line":22,"column":62}}],"line":22},"9":{"loc":{"start":{"line":23,"column":19},"end":{"line":23,"column":71}},"type":"cond-expr","locations":[{"start":{"line":23,"column":41},"end":{"line":23,"column":67}},{"start":{"line":23,"column":70},"end":{"line":23,"column":71}}],"line":23},"10":{"loc":{"start":{"line":25,"column":2},"end":{"line":25,"column":60}},"type":"if","locations":[{"start":{"line":25,"column":2},"end":{"line":25,"column":60}},{"start":{},"end":{}}],"line":25},"11":{"loc":{"start":{"line":26,"column":2},"end":{"line":26,"column":64}},"type":"if","locations":[{"start":{"line":26,"column":2},"end":{"line":26,"column":64}},{"start":{},"end":{}}],"line":26},"12":{"loc":{"start":{"line":27,"column":2},"end":{"line":27,"column":87}},"type":"if","locations":[{"start":{"line":27,"column":2},"end":{"line":27,"column":87}},{"start":{},"end":{}}],"line":27},"13":{"loc":{"start":{"line":27,"column":6},"end":{"line":27,"column":49}},"type":"binary-expr","locations":[{"start":{"line":27,"column":6},"end":{"line":27,"column":17}},{"start":{"line":27,"column":21},"end":{"line":27,"column":34}},{"start":{"line":27,"column":38},"end":{"line":27,"column":49}}],"line":27},"14":{"loc":{"start":{"line":28,"column":2},"end":{"line":28,"column":119}},"type":"if","locations":[{"start":{"line":28,"column":2},"end":{"line":28,"column":119}},{"start":{},"end":{}}],"line":28},"15":{"loc":{"start":{"line":28,"column":6},"end":{"line":28,"column":62}},"type":"binary-expr","locations":[{"start":{"line":28,"column":6},"end":{"line":28,"column":25}},{"start":{"line":28,"column":30},"end":{"line":28,"column":45}},{"start":{"line":28,"column":49},"end":{"line":28,"column":61}}],"line":28},"16":{"loc":{"start":{"line":31,"column":9},"end":{"line":31,"column":24}},"type":"binary-expr","locations":[{"start":{"line":31,"column":9},"end":{"line":31,"column":16}},{"start":{"line":31,"column":20},"end":{"line":31,"column":24}}],"line":31},"17":{"loc":{"start":{"line":32,"column":10},"end":{"line":32,"column":26}},"type":"binary-expr","locations":[{"start":{"line":32,"column":10},"end":{"line":32,"column":18}},{"start":{"line":32,"column":22},"end":{"line":32,"column":26}}],"line":32},"18":{"loc":{"start":{"line":33,"column":11},"end":{"line":33,"column":28}},"type":"binary-expr","locations":[{"start":{"line":33,"column":11},"end":{"line":33,"column":20}},{"start":{"line":33,"column":24},"end":{"line":33,"column":28}}],"line":33},"19":{"loc":{"start":{"line":34,"column":11},"end":{"line":34,"column":28}},"type":"binary-expr","locations":[{"start":{"line":34,"column":11},"end":{"line":34,"column":20}},{"start":{"line":34,"column":24},"end":{"line":34,"column":28}}],"line":34},"20":{"loc":{"start":{"line":35,"column":10},"end":{"line":35,"column":26}},"type":"binary-expr","locations":[{"start":{"line":35,"column":10},"end":{"line":35,"column":18}},{"start":{"line":35,"column":22},"end":{"line":35,"column":26}}],"line":35},"21":{"loc":{"start":{"line":36,"column":9},"end":{"line":36,"column":32}},"type":"cond-expr","locations":[{"start":{"line":36,"column":22},"end":{"line":36,"column":26}},{"start":{"line":36,"column":29},"end":{"line":36,"column":32}}],"line":36},"22":{"loc":{"start":{"line":37,"column":11},"end":{"line":37,"column":38}},"type":"cond-expr","locations":[{"start":{"line":37,"column":26},"end":{"line":37,"column":30}},{"start":{"line":37,"column":33},"end":{"line":37,"column":38}}],"line":37},"23":{"loc":{"start":{"line":38,"column":14},"end":{"line":38,"column":44}},"type":"cond-expr","locations":[{"start":{"line":38,"column":32},"end":{"line":38,"column":33}},{"start":{"line":38,"column":36},"end":{"line":38,"column":44}}],"line":38}},"s":{"0":2,"1":4,"2":4,"3":26,"4":26,"5":4,"6":4,"7":4,"8":4,"9":20,"10":1,"11":4,"12":4,"13":4,"14":4,"15":0,"16":4,"17":0,"18":4,"19":1,"20":4,"21":1,"22":4,"23":4,"24":2},"f":{"0":4,"1":26,"2":4},"b":{"0":[4,0],"1":[26,0],"2":[26,0],"3":[26,26],"4":[4],"5":[1,19],"6":[20,19],"7":[4,0],"8":[4,0],"9":[4,0],"10":[0,4],"11":[0,4],"12":[1,3],"13":[4,4,4],"14":[1,3],"15":[4,4,4],"16":[4,0],"17":[4,1],"18":[4,0],"19":[4,3],"20":[4,3],"21":[0,4],"22":[0,4],"23":[0,4]},"_coverageSchema":"1a1c01bbd47fc00a2c39e90264f33305004495a9","hash":"c70f2f4ad4762f4aecad474d9abb0db320ae4e7c"}
}
