TN:
SF:src\app.js
FN:41,(anonymous_0)
FNF:1
FNH:0
FNDA:0,(anonymous_0)
DA:29,1
DA:30,1
DA:31,1
DA:32,1
DA:34,1
DA:35,1
DA:38,1
DA:41,1
DA:42,0
DA:46,1
LF:10
LH:9
BRF:0
BRH:0
end_of_record
TN:
SF:src\config\db.js
FNF:0
FNH:0
DA:2,1
DA:3,1
DA:5,1
DA:14,1
DA:16,1
DA:17,0
DA:18,0
DA:21,1
DA:32,1
LF:9
LH:7
BRDA:16,0,0,0
BRDA:16,0,1,1
BRDA:16,1,0,1
BRDA:16,1,1,1
BRDA:16,1,2,1
BRDA:26,2,0,1
BRDA:26,2,1,0
BRF:7
BRH:5
end_of_record
TN:
SF:src\controllers\productController.js
FN:35,(anonymous_0)
FN:55,(anonymous_1)
FN:75,(anonymous_2)
FN:88,(anonymous_3)
FN:110,(anonymous_4)
FN:128,(anonymous_5)
FN:157,(anonymous_6)
FNF:7
FNH:2
FNDA:0,(anonymous_0)
FNDA:0,(anonymous_1)
FNDA:0,(anonymous_2)
FNDA:0,(anonymous_3)
FNDA:0,(anonymous_4)
FNDA:2,(anonymous_5)
FNDA:10,(anonymous_6)
DA:32,1
DA:35,1
DA:36,0
DA:37,0
DA:38,0
DA:39,0
DA:40,0
DA:42,0
DA:47,0
DA:49,0
DA:50,0
DA:55,1
DA:56,0
DA:57,0
DA:58,0
DA:59,0
DA:62,0
DA:67,0
DA:69,0
DA:70,0
DA:75,1
DA:76,0
DA:77,0
DA:78,0
DA:79,0
DA:80,0
DA:82,0
DA:83,0
DA:88,1
DA:89,0
DA:90,0
DA:91,0
DA:93,0
DA:98,0
DA:99,0
DA:102,0
DA:104,0
DA:105,0
DA:110,1
DA:111,0
DA:112,0
DA:113,0
DA:115,0
DA:116,0
DA:119,0
DA:121,0
DA:122,0
DA:128,1
DA:129,2
DA:130,2
DA:131,2
DA:132,2
DA:134,2
DA:135,1
DA:136,1
DA:139,2
DA:140,0
DA:141,0
DA:144,2
DA:145,1
DA:146,1
DA:149,2
DA:150,1
DA:151,1
DA:154,2
DA:157,10
DA:162,2
DA:164,0
DA:165,0
DA:170,1
LF:70
LH:25
BRDA:37,0,0,0
BRDA:37,1,0,0
BRDA:37,2,0,0
BRDA:37,3,0,0
BRDA:58,4,0,0
BRDA:58,4,1,0
BRDA:58,5,0,0
BRDA:58,5,1,0
BRDA:64,6,0,0
BRDA:64,6,1,0
BRDA:64,7,0,0
BRDA:64,7,1,0
BRDA:64,8,0,0
BRDA:64,8,1,0
BRDA:79,9,0,0
BRDA:79,9,1,0
BRDA:98,10,0,0
BRDA:98,10,1,0
BRDA:115,11,0,0
BRDA:115,11,1,0
BRDA:134,12,0,1
BRDA:134,12,1,1
BRDA:139,13,0,0
BRDA:139,13,1,2
BRDA:144,14,0,1
BRDA:144,14,1,1
BRDA:149,15,0,1
BRDA:149,15,1,1
BRDA:159,16,0,10
BRDA:159,16,1,0
BRF:30
BRH:8
end_of_record
TN:
SF:src\controllers\uploadController.js
FN:7,uploadCSV
FN:23,(anonymous_1)
FN:24,(anonymous_2)
FN:45,(anonymous_3)
FN:48,(anonymous_4)
FNF:5
FNH:0
FNDA:0,uploadCSV
FNDA:0,(anonymous_1)
FNDA:0,(anonymous_2)
FNDA:0,(anonymous_3)
FNDA:0,(anonymous_4)
DA:2,1
DA:3,1
DA:4,1
DA:5,1
DA:8,0
DA:9,0
DA:10,0
DA:13,0
DA:14,0
DA:15,0
DA:16,0
DA:17,0
DA:18,0
DA:20,0
DA:22,0
DA:23,0
DA:25,0
DA:26,0
DA:27,0
DA:28,0
DA:29,0
DA:30,0
DA:32,0
DA:33,0
DA:34,0
DA:36,0
DA:40,0
DA:42,0
DA:46,0
DA:49,0
DA:53,0
DA:54,0
DA:58,1
LF:33
LH:5
BRDA:9,0,0,0
BRDA:9,0,1,0
BRDA:9,1,0,0
BRDA:9,1,1,0
BRDA:29,2,0,0
BRDA:29,2,1,0
BRF:6
BRH:0
end_of_record
TN:
SF:src\middlewares\uploadMiddleware.js
FN:8,(anonymous_0)
FNF:1
FNH:0
FNDA:0,(anonymous_0)
DA:2,1
DA:4,1
DA:5,1
DA:9,0
DA:10,0
DA:11,0
DA:15,1
LF:7
LH:4
BRDA:9,0,0,0
BRDA:9,0,1,0
BRDA:10,1,0,0
BRDA:10,1,1,0
BRF:4
BRH:0
end_of_record
TN:
SF:src\models\projectModel.js
FN:4,insertOrUpdateProduct
FNF:1
FNH:0
FNDA:0,insertOrUpdateProduct
DA:2,1
DA:5,0
DA:17,0
DA:21,0
DA:22,0
DA:25,1
LF:6
LH:2
BRDA:18,0,0,0
BRDA:18,0,1,0
BRDA:18,1,0,0
BRDA:18,1,1,0
BRDA:19,2,0,0
BRDA:19,2,1,0
BRF:6
BRH:0
end_of_record
TN:
SF:src\routes\productRoutes.js
FNF:0
FNH:0
DA:32,1
DA:33,1
DA:34,1
DA:35,1
DA:44,1
DA:45,1
DA:46,1
DA:47,1
DA:48,1
DA:49,1
DA:53,1
DA:55,1
LF:12
LH:12
BRF:0
BRH:0
end_of_record
TN:
SF:src\utils\validator.js
FN:4,normalizeRow
FN:6,(anonymous_1)
FN:13,validateRow
FNF:3
FNH:3
FNDA:4,normalizeRow
FNDA:26,(anonymous_1)
FNDA:4,validateRow
DA:2,2
DA:5,4
DA:6,4
DA:7,26
DA:8,26
DA:10,4
DA:14,4
DA:15,4
DA:17,4
DA:18,20
DA:21,4
DA:22,4
DA:23,4
DA:25,4
DA:26,4
DA:27,4
DA:28,4
DA:30,4
DA:41,4
DA:44,2
LF:20
LH:20
BRDA:6,0,0,4
BRDA:6,0,1,0
BRDA:7,1,0,26
BRDA:7,1,1,0
BRDA:8,2,0,26
BRDA:8,2,1,0
BRDA:8,3,0,26
BRDA:8,3,1,26
BRDA:13,4,0,4
BRDA:18,5,0,1
BRDA:18,5,1,19
BRDA:18,6,0,20
BRDA:18,6,1,19
BRDA:21,7,0,4
BRDA:21,7,1,0
BRDA:22,8,0,4
BRDA:22,8,1,0
BRDA:23,9,0,4
BRDA:23,9,1,0
BRDA:25,10,0,0
BRDA:25,10,1,4
BRDA:26,11,0,0
BRDA:26,11,1,4
BRDA:27,12,0,1
BRDA:27,12,1,3
BRDA:27,13,0,4
BRDA:27,13,1,4
BRDA:27,13,2,4
BRDA:28,14,0,1
BRDA:28,14,1,3
BRDA:28,15,0,4
BRDA:28,15,1,4
BRDA:28,15,2,4
BRDA:31,16,0,4
BRDA:31,16,1,0
BRDA:32,17,0,4
BRDA:32,17,1,1
BRDA:33,18,0,4
BRDA:33,18,1,0
BRDA:34,19,0,4
BRDA:34,19,1,3
BRDA:35,20,0,4
BRDA:35,20,1,3
BRDA:36,21,0,0
BRDA:36,21,1,4
BRDA:37,22,0,0
BRDA:37,22,1,4
BRDA:38,23,0,0
BRDA:38,23,1,4
BRF:49
BRH:36
end_of_record
